<?xml version="1.0" encoding="UTF-8"?>
<!-- Generated by org.testng.reporters.JUnitReportReporter -->
<testsuite skipped="0" hostname="LNLA010P3014" name="MvnPack2.Repo_Demo" tests="1" failures="0" timestamp="2020-08-21T08:02:01 IST" time="23.563" errors="0">
  <testcase name="testOmayo" time="23.563" classname="MvnPack2.Repo_Demo"/>
</testsuite> <!-- MvnPack2.Repo_Demo -->
